Started at Sat Jun 15 07:27:26 UTC 2024
Processing C-project
Offering C-project to Project Build Discarder
Processing job1
Offering job1 to Project Build Discarder
Processing job2
Offering job2 to Project Build Discarder
Finished at Sat Jun 15 07:27:26 UTC 2024. 6ms
Started at Sat Jun 15 08:27:26 UTC 2024
Processing C-project
Offering C-project to Project Build Discarder
Processing job1
Offering job1 to Project Build Discarder
Processing job2
Offering job2 to Project Build Discarder
Finished at Sat Jun 15 08:27:26 UTC 2024. 3ms
Started at Sat Jun 15 09:27:26 UTC 2024
Processing C-project
Offering C-project to Project Build Discarder
Processing job1
Offering job1 to Project Build Discarder
Processing job2
Offering job2 to Project Build Discarder
Finished at Sat Jun 15 09:27:26 UTC 2024. 2ms
Started at Sat Jun 15 10:27:26 UTC 2024
Processing Buildjob
Offering Buildjob to Project Build Discarder
Processing C-project
Offering C-project to Project Build Discarder
Processing Deployjob
Offering Deployjob to Project Build Discarder
Processing job1
Offering job1 to Project Build Discarder
Processing job2
Offering job2 to Project Build Discarder
Finished at Sat Jun 15 10:27:26 UTC 2024. 5ms
Started at Sat Jun 15 11:27:26 UTC 2024
Processing Buildjob
Offering Buildjob to Project Build Discarder
Processing C-project
Offering C-project to Project Build Discarder
Processing Deployjob
Offering Deployjob to Project Build Discarder
Processing job1
Offering job1 to Project Build Discarder
Processing job2
Offering job2 to Project Build Discarder
Processing testingjob
Offering testingjob to Project Build Discarder
Finished at Sat Jun 15 11:27:26 UTC 2024. 1ms
